# JRE version: Java(TM) SE Runtime Environment (12.0.2+10) (build 12.0.2+10)
# Java VM: Java HotSpot(TM) 64-Bit Server VM (12.0.2+10, mixed mode, sharing, tiered, compressed oops, g1 gc, windows-amd64)
Heap:
 garbage-first heap   total 286720K, used 121211K [0x00000000c0000000, 0x0000000100000000)
  region size 1024K, 4 young (4096K), 2 survivors (2048K)
 Metaspace       used 62711K, capacity 65417K, committed 65584K, reserved 1107968K
  class space    used 5933K, capacity 6999K, committed 7040K, reserved 1048576K
GC Heap History (10 events):
Event: 57.230 GC heap before
{Heap before GC invocations=33 (full 0):
 garbage-first heap   total 286720K, used 223823K [0x00000000c0000000, 0x0000000100000000)
  region size 1024K, 89 young (91136K), 10 survivors (10240K)
 Metaspace       used 61704K, capacity 64584K, committed 64816K, reserved 1107968K
  class space    used 5842K, capacity 6936K, committed 7040K, reserved 1048576K
}
Event: 57.242 GC heap after
{Heap after GC invocations=34 (full 0):
 garbage-first heap   total 286720K, used 145168K [0x00000000c0000000, 0x0000000100000000)
  region size 1024K, 6 young (6144K), 6 survivors (6144K)
 Metaspace       used 61704K, capacity 64584K, committed 64816K, reserved 1107968K
  class space    used 5842K, capacity 6936K, committed 7040K, reserved 1048576K
}
Event: 60.815 GC heap before
{Heap before GC invocations=35 (full 0):
 garbage-first heap   total 286720K, used 227088K [0x00000000c0000000, 0x0000000100000000)
  region size 1024K, 86 young (88064K), 6 survivors (6144K)
 Metaspace       used 62555K, capacity 65347K, committed 65584K, reserved 1107968K
  class space    used 5931K, capacity 6998K, committed 7040K, reserved 1048576K
}
Event: 60.823 GC heap after
{Heap after GC invocations=36 (full 0):
 garbage-first heap   total 286720K, used 146347K [0x00000000c0000000, 0x0000000100000000)
  region size 1024K, 7 young (7168K), 7 survivors (7168K)
 Metaspace       used 62555K, capacity 65347K, committed 65584K, reserved 1107968K
  class space    used 5931K, capacity 6998K, committed 7040K, reserved 1048576K
}
Event: 60.872 GC heap before
{Heap before GC invocations=36 (full 0):
 garbage-first heap   total 286720K, used 153515K [0x00000000c0000000, 0x0000000100000000)
  region size 1024K, 14 young (14336K), 7 survivors (7168K)
 Metaspace       used 62570K, capacity 65347K, committed 65584K, reserved 1107968K
  class space    used 5932K, capacity 6998K, committed 7040K, reserved 1048576K
}
Event: 60.884 GC heap after
{Heap after GC invocations=37 (full 0):
 garbage-first heap   total 286720K, used 127489K [0x00000000c0000000, 0x0000000100000000)
  region size 1024K, 2 young (2048K), 2 survivors (2048K)
 Metaspace       used 62570K, capacity 65347K, committed 65584K, reserved 1107968K
  class space    used 5932K, capacity 6998K, committed 7040K, reserved 1048576K
}
Event: 60.928 GC heap before
{Heap before GC invocations=37 (full 0):
 garbage-first heap   total 286720K, used 138753K [0x00000000c0000000, 0x0000000100000000)
  region size 1024K, 14 young (14336K), 2 survivors (2048K)
 Metaspace       used 62575K, capacity 65347K, committed 65584K, reserved 1107968K
  class space    used 5932K, capacity 6998K, committed 7040K, reserved 1048576K
}
Event: 60.938 GC heap after
{Heap after GC invocations=38 (full 0):
 garbage-first heap   total 286720K, used 118741K [0x00000000c0000000, 0x0000000100000000)
  region size 1024K, 1 young (1024K), 1 survivors (1024K)
 Metaspace       used 62575K, capacity 65347K, committed 65584K, reserved 1107968K
  class space    used 5932K, capacity 6998K, committed 7040K, reserved 1048576K
}
Event: 62.974 GC heap before
{Heap before GC invocations=38 (full 0):
 garbage-first heap   total 286720K, used 218069K [0x00000000c0000000, 0x0000000100000000)
  region size 1024K, 98 young (100352K), 1 survivors (1024K)
 Metaspace       used 62701K, capacity 65417K, committed 65584K, reserved 1107968K
  class space    used 5933K, capacity 6999K, committed 7040K, reserved 1048576K
}
Event: 62.978 GC heap after
{Heap after GC invocations=39 (full 0):
 garbage-first heap   total 286720K, used 120187K [0x00000000c0000000, 0x0000000100000000)
  region size 1024K, 2 young (2048K), 2 survivors (2048K)
 Metaspace       used 62701K, capacity 65417K, committed 65584K, reserved 1107968K
  class space    used 5933K, capacity 6999K, committed 7040K, reserved 1048576K
}

